\BOOKMARK [1][-]{section.1}{Motivation}{}% 1
\BOOKMARK [1][-]{section.2}{Previous Work}{}% 2
\BOOKMARK [1][-]{section.3}{Problem Statement}{}% 3
\BOOKMARK [2][-]{subsection.3.1}{Ford LV data set and experimental setup}{section.3}% 4
\BOOKMARK [2][-]{subsection.3.2}{Preprocessing}{section.3}% 5
\BOOKMARK [1][-]{section.4}{Model Description}{}% 6
\BOOKMARK [2][-]{subsection.4.1}{optical flow}{section.4}% 7
\BOOKMARK [1][-]{section.5}{experiments and post-processing}{}% 8
\BOOKMARK [2][-]{subsection.5.1}{5 class tests}{section.5}% 9
\BOOKMARK [2][-]{subsection.5.2}{9 class tests}{section.5}% 10
\BOOKMARK [1][-]{section.6}{conclusion and future work}{}% 11
\BOOKMARK [1][-]{section.7}{references}{}% 12
\BOOKMARK [1][-]{section.8}{General formatting instructions}{}% 13
\BOOKMARK [1][-]{section.9}{Headings: first level}{}% 14
\BOOKMARK [2][-]{subsection.9.1}{Headings: second level}{section.9}% 15
\BOOKMARK [3][-]{subsubsection.9.1.1}{Headings: third level}{subsection.9.1}% 16
\BOOKMARK [1][-]{section.10}{Citations, figures, tables, references}{}% 17
\BOOKMARK [2][-]{subsection.10.1}{Citations within the text}{section.10}% 18
\BOOKMARK [2][-]{subsection.10.2}{Footnotes}{section.10}% 19
\BOOKMARK [2][-]{subsection.10.3}{Figures}{section.10}% 20
\BOOKMARK [2][-]{subsection.10.4}{Tables}{section.10}% 21
\BOOKMARK [1][-]{section.11}{Final instructions}{}% 22
\BOOKMARK [1][-]{section.12}{Preparing PostScript or PDF files}{}% 23
\BOOKMARK [2][-]{subsection.12.1}{Margins in LaTeX}{section.12}% 24
